<?xml version="1.0" encoding="UTF-8"?>
<testsuite name="com.project.demo.DemoApplicationTests" tests="1" skipped="0" failures="0" errors="0" timestamp="2025-02-10T21:07:50" hostname="SHANTY" time="0.497">
  <properties/>
  <testcase name="contextLoads()" classname="com.project.demo.DemoApplicationTests" time="0.497"/>
  <system-out><![CDATA[15:07:45.036 [Test worker] INFO org.springframework.test.context.support.AnnotationConfigContextLoaderUtils -- Could not detect default configuration classes for test class [com.project.demo.DemoApplicationTests]: DemoApplicationTests does not declare any static, non-private, non-final, nested classes annotated with @Configuration.
15:07:45.135 [Test worker] INFO org.springframework.boot.test.context.SpringBootTestContextBootstrapper -- Found @SpringBootConfiguration com.project.demo.DemoApplication for test class com.project.demo.DemoApplicationTests

  .   ____          _            __ _ _
 /\\ / ___'_ __ _ _(_)_ __  __ _ \ \ \ \
( ( )\___ | '_ | '_| | '_ \/ _` | \ \ \ \
 \\/  ___)| |_)| | | | | || (_| |  ) ) ) )
  '  |____| .__|_| |_|_| |_\__, | / / / /
 =========|_|==============|___/=/_/_/_/
 :: Spring Boot ::                (v3.2.5)

2025-02-10T15:07:45.639-06:00  INFO 60100 --- [proyecto3] [    Test worker] com.project.demo.DemoApplicationTests    : Starting DemoApplicationTests using Java 22.0.1 with PID 60100 (started by barah in C:\Users\barah\java-spring)
2025-02-10T15:07:45.640-06:00  INFO 60100 --- [proyecto3] [    Test worker] com.project.demo.DemoApplicationTests    : No active profile set, falling back to 1 default profile: "default"
2025-02-10T15:07:46.331-06:00  INFO 60100 --- [proyecto3] [    Test worker] .s.d.r.c.RepositoryConfigurationDelegate : Bootstrapping Spring Data JPA repositories in DEFAULT mode.
2025-02-10T15:07:46.404-06:00  INFO 60100 --- [proyecto3] [    Test worker] .s.d.r.c.RepositoryConfigurationDelegate : Finished Spring Data repository scanning in 65 ms. Found 4 JPA repository interfaces.
2025-02-10T15:07:46.989-06:00  INFO 60100 --- [proyecto3] [    Test worker] o.hibernate.jpa.internal.util.LogHelper  : HHH000204: Processing PersistenceUnitInfo [name: default]
2025-02-10T15:07:47.068-06:00  INFO 60100 --- [proyecto3] [    Test worker] org.hibernate.Version                    : HHH000412: Hibernate ORM core version 6.4.4.Final
2025-02-10T15:07:47.118-06:00  INFO 60100 --- [proyecto3] [    Test worker] o.h.c.internal.RegionFactoryInitiator    : HHH000026: Second-level cache disabled
2025-02-10T15:07:47.374-06:00  INFO 60100 --- [proyecto3] [    Test worker] o.s.o.j.p.SpringPersistenceUnitInfo      : No LoadTimeWeaver setup: ignoring JPA class transformer
2025-02-10T15:07:47.409-06:00  INFO 60100 --- [proyecto3] [    Test worker] com.zaxxer.hikari.HikariDataSource       : HikariPool-1 - Starting...
2025-02-10T15:07:47.524-06:00  INFO 60100 --- [proyecto3] [    Test worker] com.zaxxer.hikari.pool.HikariPool        : HikariPool-1 - Added connection org.mariadb.jdbc.Connection@305aaedf
2025-02-10T15:07:47.527-06:00  INFO 60100 --- [proyecto3] [    Test worker] com.zaxxer.hikari.HikariDataSource       : HikariPool-1 - Start completed.
2025-02-10T15:07:47.561-06:00  WARN 60100 --- [proyecto3] [    Test worker] org.hibernate.orm.deprecation            : HHH90000025: MariaDBDialect does not need to be specified explicitly using 'hibernate.dialect' (remove the property setting and it will be selected by default)
2025-02-10T15:07:48.464-06:00  INFO 60100 --- [proyecto3] [    Test worker] o.h.e.t.j.p.i.JtaPlatformInitiator       : HHH000489: No JTA platform available (set 'hibernate.transaction.jta.platform' to enable JTA platform integration)
Hibernate: create table game (id bigint not null auto_increment, created_at datetime(6), description varchar(255), imgurl varchar(255), name varchar(255), status varchar(255), updated_at datetime(6), primary key (id)) engine=InnoDB
Hibernate: create table `order` (id bigint not null auto_increment, description varchar(255), total float(53), user_id bigint, primary key (id)) engine=InnoDB
Hibernate: create table rol (id integer not null, created_at datetime(6), description varchar(255) not null, name enum ('USER','ADMIN','SUPER_ADMIN') not null, updated_at datetime(6), primary key (id)) engine=InnoDB
Hibernate: create table user (id bigint not null auto_increment, created_at datetime(6), email varchar(100) not null, lastname varchar(255), name varchar(255), password varchar(255) not null, updated_at datetime(6), role_id integer not null, primary key (id)) engine=InnoDB
Hibernate: alter table if exists rol drop index if exists UK_b2i715tdnjr1edai4fn7tss63
Hibernate: alter table if exists rol add constraint UK_b2i715tdnjr1edai4fn7tss63 unique (name)
Hibernate: alter table if exists user drop index if exists UK_ob8kqyqqgmefl0aco34akdtpe
Hibernate: alter table if exists user add constraint UK_ob8kqyqqgmefl0aco34akdtpe unique (email)
Hibernate: create sequence rol_seq start with 1 increment by 50 nocache
Hibernate: alter table if exists `order` add constraint FKcpl0mjoeqhxvgeeeq5piwpd3i foreign key (user_id) references user (id)
Hibernate: alter table if exists user add constraint FKs3h7cl7ocgsxpsf93cg0mbnlc foreign key (role_id) references rol (id)
2025-02-10T15:07:48.553-06:00  INFO 60100 --- [proyecto3] [    Test worker] j.LocalContainerEntityManagerFactoryBean : Initialized JPA EntityManagerFactory for persistence unit 'default'
2025-02-10T15:07:48.850-06:00  INFO 60100 --- [proyecto3] [    Test worker] o.s.d.j.r.query.QueryEnhancerFactory     : Hibernate is in classpath; If applicable, HQL parser will be used.
2025-02-10T15:07:49.385-06:00  WARN 60100 --- [proyecto3] [    Test worker] JpaBaseConfiguration$JpaWebConfiguration : spring.jpa.open-in-view is enabled by default. Therefore, database queries may be performed during view rendering. Explicitly configure spring.jpa.open-in-view to disable this warning
2025-02-10T15:07:49.932-06:00  INFO 60100 --- [proyecto3] [    Test worker] o.s.s.web.DefaultSecurityFilterChain     : Will secure any request with [org.springframework.security.web.session.DisableEncodeUrlFilter@1911427a, org.springframework.security.web.context.request.async.WebAsyncManagerIntegrationFilter@2acb6c9a, org.springframework.security.web.context.SecurityContextHolderFilter@2c51ff83, org.springframework.security.web.header.HeaderWriterFilter@139224ab, org.springframework.web.filter.CorsFilter@588b2d7a, org.springframework.security.web.authentication.logout.LogoutFilter@1af6cd73, com.project.demo.logic.entity.auth.JwtAuthenticationFilter@44881fcc, org.springframework.security.web.savedrequest.RequestCacheAwareFilter@f341e3c, org.springframework.security.web.servletapi.SecurityContextHolderAwareRequestFilter@7c8ecc27, org.springframework.security.web.authentication.AnonymousAuthenticationFilter@10db002c, org.springframework.security.web.session.SessionManagementFilter@37905236, org.springframework.security.web.access.ExceptionTranslationFilter@4c14ed24, org.springframework.security.web.access.intercept.AuthorizationFilter@58cd7486]
Hibernate: select r1_0.id,r1_0.created_at,r1_0.description,r1_0.name,r1_0.updated_at from rol r1_0 where r1_0.name=?
Hibernate: select u1_0.id,u1_0.created_at,u1_0.email,u1_0.lastname,u1_0.name,u1_0.password,u1_0.role_id,u1_0.updated_at from user u1_0 where u1_0.email=?
Hibernate: select r1_0.id,r1_0.created_at,r1_0.description,r1_0.name,r1_0.updated_at from rol r1_0 where r1_0.name=?
Hibernate: select next value for rol_seq
Hibernate: insert into rol (created_at,description,name,updated_at,id) values (?,?,?,?,?)
Hibernate: select r1_0.id,r1_0.created_at,r1_0.description,r1_0.name,r1_0.updated_at from rol r1_0 where r1_0.name=?
Hibernate: select next value for rol_seq
Hibernate: insert into rol (created_at,description,name,updated_at,id) values (?,?,?,?,?)
Hibernate: select r1_0.id,r1_0.created_at,r1_0.description,r1_0.name,r1_0.updated_at from rol r1_0 where r1_0.name=?
Hibernate: insert into rol (created_at,description,name,updated_at,id) values (?,?,?,?,?)
2025-02-10T15:07:50.458-06:00  INFO 60100 --- [proyecto3] [    Test worker] com.project.demo.DemoApplicationTests    : Started DemoApplicationTests in 5.132 seconds (process running for 6.34)
]]></system-out>
  <system-err><![CDATA[WARNING: A Java agent has been loaded dynamically (C:\Users\barah\.gradle\caches\modules-2\files-2.1\net.bytebuddy\byte-buddy-agent\1.14.13\979ce25f7d3096a2e82214ba7dc972a05ce7a171\byte-buddy-agent-1.14.13.jar)
WARNING: If a serviceability tool is in use, please run with -XX:+EnableDynamicAgentLoading to hide this warning
WARNING: If a serviceability tool is not in use, please run with -Djdk.instrument.traceUsage for more information
WARNING: Dynamic loading of agents will be disallowed by default in a future release
]]></system-err>
</testsuite>
